
> tmr-storybook@1.0.0 build-storybook
> storybook build --output-dir=C:\Users\paresh\AppData\Local\Temp\2\chromatic--5608-nkH9PjNuo87M --webpack-stats-json=C:\Users\paresh\AppData\Local\Temp\2\chromatic--5608-nkH9PjNuo87M

[1mstorybook v9.1.1
[22m
info => Cleaning outputDir: [36m..\..\AppData\Local\Temp\2\chromatic--5608-nkH9PjNuo87M[39m
info => Loading presets
info => Building manager..
info => Building preview..
[36mvite v7.0.6 [32mbuilding for production...[36m[39m
transforming...
[32m✓[39m 51 modules transformed.
rendering chunks...
[2m../../AppData/Local/Temp/2/chromatic--5608-nkH9PjNuo87M/[22m[32miframe.html                            [39m[1m[2m   18.51 kB[22m[1m[22m
[2m../../AppData/Local/Temp/2/chromatic--5608-nkH9PjNuo87M/[22m[35massets/Icons-C--Nawff.css              [39m[1m[2m    0.28 kB[22m[1m[22m
[2m../../AppData/Local/Temp/2/chromatic--5608-nkH9PjNuo87M/[22m[35massets/iframe-Bugggchi.css             [39m[1m[2m2,316.04 kB[22m[1m[22m
[2m../../AppData/Local/Temp/2/chromatic--5608-nkH9PjNuo87M/[22m[36massets/Button-Dj7SzMRE.js              [39m[1m[2m    0.29 kB[22m[1m[22m
[2m../../AppData/Local/Temp/2/chromatic--5608-nkH9PjNuo87M/[22m[36massets/Header.stories-BgocvdiC.js      [39m[1m[2m    0.41 kB[22m[1m[22m
[2m../../AppData/Local/Temp/2/chromatic--5608-nkH9PjNuo87M/[22m[36massets/Navigation.stories-DLPRlBEW.js  [39m[1m[2m    0.42 kB[22m[1m[22m
[2m../../AppData/Local/Temp/2/chromatic--5608-nkH9PjNuo87M/[22m[36massets/Footer.stories-Bj2QRPgk.js      [39m[1m[2m    0.76 kB[22m[1m[22m
[2m../../AppData/Local/Temp/2/chromatic--5608-nkH9PjNuo87M/[22m[36massets/Button.stories-D36u5WNF.js      [39m[1m[2m    1.23 kB[22m[1m[22m
[2m../../AppData/Local/Temp/2/chromatic--5608-nkH9PjNuo87M/[22m[36massets/preload-helper-D9Z9MdNV.js      [39m[1m[2m    1.23 kB[22m[1m[22m
[2m../../AppData/Local/Temp/2/chromatic--5608-nkH9PjNuo87M/[22m[36massets/Page.stories-BZLSMel7.js        [39m[1m[2m    2.18 kB[22m[1m[22m
[2m../../AppData/Local/Temp/2/chromatic--5608-nkH9PjNuo87M/[22m[36massets/Header-Bv394-Fn.js              [39m[1m[2m    3.00 kB[22m[1m[22m
[2m../../AppData/Local/Temp/2/chromatic--5608-nkH9PjNuo87M/[22m[36massets/Navigation-DK7E9FY-.js          [39m[1m[2m    4.27 kB[22m[1m[22m
[2m../../AppData/Local/Temp/2/chromatic--5608-nkH9PjNuo87M/[22m[36massets/Icons.stories-v-HSDf-Y.js       [39m[1m[2m    6.18 kB[22m[1m[22m
[2m../../AppData/Local/Temp/2/chromatic--5608-nkH9PjNuo87M/[22m[36massets/Footer-D9TXSoRZ.js              [39m[1m[2m    7.69 kB[22m[1m[22m
[2m../../AppData/Local/Temp/2/chromatic--5608-nkH9PjNuo87M/[22m[36massets/sitedata-CxQ3225k.js            [39m[1m[2m    8.24 kB[22m[1m[22m
[2m../../AppData/Local/Temp/2/chromatic--5608-nkH9PjNuo87M/[22m[36mvite-inject-mocker-entry.js            [39m[1m[2m   28.76 kB[22m[1m[22m
[2m../../AppData/Local/Temp/2/chromatic--5608-nkH9PjNuo87M/[22m[36massets/matchers-7Z3WT2CE-CcSi9QFY.js   [39m[1m[2m   29.66 kB[22m[1m[22m
[2m../../AppData/Local/Temp/2/chromatic--5608-nkH9PjNuo87M/[22m[36massets/axe-BmTCxGkP.js                 [39m[1m[33m  572.29 kB[39m[22m
[2m../../AppData/Local/Temp/2/chromatic--5608-nkH9PjNuo87M/[22m[36massets/iframe-DI4O_31u.js              [39m[1m[33m  950.95 kB[39m[22m
[32m✓ built in 14.64s[39m
info => preview stats written to [36mC:\Users\paresh\AppData\Local\Temp\2\chromatic--5608-nkH9PjNuo87M\preview-stats.json[39m
info => Output directory: C:\Users\paresh\AppData\Local\Temp\2\chromatic--5608-nkH9PjNuo87M
